SF:lib\core\errors\exception.dart
DA:4,2
DA:10,0
LF:2
LH:1
end_of_record
SF:lib\data\data_sources\homepage_remote_data_source.dart
DA:17,1
DA:20,1
DA:24,3
DA:25,1
DA:26,1
DA:30,1
DA:32,0
DA:35,2
DA:36,3
DA:38,1
DA:39,3
DA:40,3
DA:42,1
DA:44,3
DA:49,0
DA:53,0
DA:54,0
DA:55,0
DA:59,0
DA:60,0
DA:62,0
DA:65,0
DA:66,0
DA:67,0
DA:68,0
DA:70,0
LF:26
LH:13
end_of_record
SF:lib\data\model\Manga_info_model.dart
DA:4,3
DA:8,3
DA:10,2
DA:11,2
DA:12,2
DA:13,2
DA:14,2
DA:18,1
DA:19,4
LF:9
LH:9
end_of_record
SF:lib\domain\entities\manga_info.dart
DA:8,4
DA:12,0
DA:18,0
DA:19,0
DA:22,2
DA:23,8
LF:6
LH:3
end_of_record
SF:lib\core\errors\failures.dart
DA:5,1
DA:9,2
DA:11,1
DA:12,1
DA:16,0
DA:18,0
DA:19,0
LF:7
LH:4
end_of_record
SF:lib\core\network.dart
DA:10,0
DA:11,0
DA:12,0
LF:3
LH:0
end_of_record
SF:lib\data\repositories\HomePage_repository_impl.dart
DA:15,1
DA:19,0
DA:21,0
DA:24,0
DA:25,0
DA:26,0
DA:27,0
DA:30,0
DA:35,1
DA:37,3
DA:40,4
DA:41,1
DA:42,1
DA:43,3
DA:46,2
LF:15
LH:8
end_of_record
SF:lib\domain\usecases\get_list_manga_per_sources.dart
DA:11,1
DA:14,1
DA:15,4
DA:22,1
DA:24,0
DA:25,0
LF:6
LH:4
end_of_record
SF:lib\core\usecases.dart
DA:14,0
DA:15,0
LF:2
LH:0
end_of_record
